<?xml version="1.0" encoding="UTF-8"?>
<!-- Generated by org.testng.reporters.JUnitReportReporter -->
<testsuite hostname="farooq" failures="0" tests="1" name="com.testing.amazontest" time="36.323" errors="0" timestamp="2023-07-07T18:18:42 IST" skipped="0">
  <testcase classname="com.testing.amazontest" name="testpage1" time="36.323"/>
</testsuite> <!-- com.testing.amazontest -->
